  BufferManager.cpp
C:\Users\raulc\Documents\GitHub\Deferred-Rendering\Code\Engine.h(31,1): warning C4099: 'App': nombre de tipo visto anteriormente usando 'struct' ahora se ve usando 'class'
C:\Users\raulc\Documents\GitHub\Deferred-Rendering\Code\Engine.h(30): message : vea la declaración de 'App'
C:\Users\raulc\Documents\GitHub\Deferred-Rendering\Code\Engine.h(40,37): warning C4305: 'argumento predeterminado': truncamiento de 'int' a 'bool'
C:\Users\raulc\Documents\GitHub\Deferred-Rendering\Code\Engine.h(40,60): warning C4806: '!=': operación no segura: ningún valor del tipo 'bool' promovido al tipo 'int' puede igualar la constante proporcionada
  Camera.cpp
C:\Users\raulc\Documents\GitHub\Deferred-Rendering\Code\Engine.h(31,1): warning C4099: 'App': nombre de tipo visto anteriormente usando 'struct' ahora se ve usando 'class'
C:\Users\raulc\Documents\GitHub\Deferred-Rendering\Code\Engine.h(30): message : vea la declaración de 'App'
C:\Users\raulc\Documents\GitHub\Deferred-Rendering\Code\Engine.h(40,37): warning C4305: 'argumento predeterminado': truncamiento de 'int' a 'bool'
C:\Users\raulc\Documents\GitHub\Deferred-Rendering\Code\Engine.h(40,60): warning C4806: '!=': operación no segura: ningún valor del tipo 'bool' promovido al tipo 'int' puede igualar la constante proporcionada
  Engine.cpp
C:\Users\raulc\Documents\GitHub\Deferred-Rendering\Code\Engine.h(31,1): warning C4099: 'App': nombre de tipo visto anteriormente usando 'struct' ahora se ve usando 'class'
C:\Users\raulc\Documents\GitHub\Deferred-Rendering\Code\Engine.h(30): message : vea la declaración de 'App'
C:\Users\raulc\Documents\GitHub\Deferred-Rendering\Code\Engine.h(40,37): warning C4305: 'argumento predeterminado': truncamiento de 'int' a 'bool'
C:\Users\raulc\Documents\GitHub\Deferred-Rendering\Code\Engine.h(40,60): warning C4806: '!=': operación no segura: ningún valor del tipo 'bool' promovido al tipo 'int' puede igualar la constante proporcionada
  GameObject.cpp
C:\Users\raulc\Documents\GitHub\Deferred-Rendering\Code\Engine.h(31,1): warning C4099: 'App': nombre de tipo visto anteriormente usando 'struct' ahora se ve usando 'class'
C:\Users\raulc\Documents\GitHub\Deferred-Rendering\Code\Engine.h(30): message : vea la declaración de 'App'
C:\Users\raulc\Documents\GitHub\Deferred-Rendering\Code\Engine.h(40,37): warning C4305: 'argumento predeterminado': truncamiento de 'int' a 'bool'
C:\Users\raulc\Documents\GitHub\Deferred-Rendering\Code\Engine.h(40,60): warning C4806: '!=': operación no segura: ningún valor del tipo 'bool' promovido al tipo 'int' puede igualar la constante proporcionada
  Importer.cpp
C:\Users\raulc\Documents\GitHub\Deferred-Rendering\Code\Engine.h(31,1): warning C4099: 'App': nombre de tipo visto anteriormente usando 'struct' ahora se ve usando 'class'
C:\Users\raulc\Documents\GitHub\Deferred-Rendering\Code\Engine.h(30): message : vea la declaración de 'App'
C:\Users\raulc\Documents\GitHub\Deferred-Rendering\Code\Engine.h(40,37): warning C4305: 'argumento predeterminado': truncamiento de 'int' a 'bool'
C:\Users\raulc\Documents\GitHub\Deferred-Rendering\Code\Engine.h(40,60): warning C4806: '!=': operación no segura: ningún valor del tipo 'bool' promovido al tipo 'int' puede igualar la constante proporcionada
C:\Users\raulc\Documents\GitHub\Deferred-Rendering\Code\Importer.cpp(96,23): warning C4018: '<': no coinciden signed/unsigned
  Platform.cpp
C:\Users\raulc\Documents\GitHub\Deferred-Rendering\Code\Engine.h(31,1): warning C4099: 'App': nombre de tipo visto anteriormente usando 'struct' ahora se ve usando 'class'
C:\Users\raulc\Documents\GitHub\Deferred-Rendering\Code\Engine.h(30): message : vea la declaración de 'App'
C:\Users\raulc\Documents\GitHub\Deferred-Rendering\Code\Engine.h(40,37): warning C4305: 'argumento predeterminado': truncamiento de 'int' a 'bool'
C:\Users\raulc\Documents\GitHub\Deferred-Rendering\Code\Engine.h(40,60): warning C4806: '!=': operación no segura: ningún valor del tipo 'bool' promovido al tipo 'int' puede igualar la constante proporcionada
C:\Users\raulc\Documents\GitHub\Deferred-Rendering\Code\Platform.cpp(42,36): warning C4244: '=': conversión de 'double' a 'T'; posible pérdida de datos
          with
          [
              T=float
          ]
C:\Users\raulc\Documents\GitHub\Deferred-Rendering\Code\Platform.cpp(43,36): warning C4244: '=': conversión de 'double' a 'T'; posible pérdida de datos
          with
          [
              T=float
          ]
C:\Users\raulc\Documents\GitHub\Deferred-Rendering\Code\Platform.cpp(44,29): warning C4244: '=': conversión de 'double' a 'T'; posible pérdida de datos
          with
          [
              T=float
          ]
C:\Users\raulc\Documents\GitHub\Deferred-Rendering\Code\Platform.cpp(45,29): warning C4244: '=': conversión de 'double' a 'T'; posible pérdida de datos
          with
          [
              T=float
          ]
  Generando código...
  Engine.vcxproj -> C:\Users\raulc\Documents\GitHub\Deferred-Rendering\x64\Debug\Engine.exe
